Kubiki/app/build/intermediates/manifest_merge_blame_file/debug/processDebugMainManifest/manifest-merger-blame-debug-report.txt
1<?xml version="1.0" encoding="utf-8"?>
2<manifest xmlns:android="http://schemas.android.com/apk/res/android"
3    package="com.example.kubiki"
4    android:versionCode="1"
5    android:versionName="1.1" >
6
7    <uses-sdk
8        android:minSdkVersion="31"
9        android:targetSdkVersion="33" />
10
11    <uses-feature
11-->src\main\AndroidManifest.xml:6:5-8:36
12        android:name="android.hardware.telephony"
12-->src\main\AndroidManifest.xml:7:9-50
13        android:required="false" />
13-->src\main\AndroidManifest.xml:8:9-33
14
15    <uses-permission android:name="android.permission.INTERNET" />
15-->src\main\AndroidManifest.xml:10:5-67
15-->src\main\AndroidManifest.xml:10:22-64
16    <uses-permission android:name="android.permission.ACCESS_NETWORK_STATE" />
16-->src\main\AndroidManifest.xml:11:5-79
16-->src\main\AndroidManifest.xml:11:22-76
17    <uses-permission android:name="android.permission.CALL_PHONE" />
17-->src\main\AndroidManifest.xml:12:5-69
17-->src\main\AndroidManifest.xml:12:22-66
18
19    <queries>
19-->src\main\AndroidManifest.xml:14:5-46:15
20
21        <!-- Telegram -->
22        <intent>
22-->src\main\AndroidManifest.xml:16:9-19:18
23            <action android:name="android.intent.action.VIEW" />
23-->src\main\AndroidManifest.xml:17:13-65
23-->src\main\AndroidManifest.xml:17:21-62
24
25            <data android:scheme="tg" />
25-->src\main\AndroidManifest.xml:18:13-41
25-->src\main\AndroidManifest.xml:18:19-38
26        </intent>
27
28        <package android:name="org.telegram.messenger" />
28-->src\main\AndroidManifest.xml:20:9-58
28-->src\main\AndroidManifest.xml:20:18-55
29
30        <!-- WhatsApp -->
31        <intent>
31-->src\main\AndroidManifest.xml:23:9-26:18
32            <action android:name="android.intent.action.VIEW" />
32-->src\main\AndroidManifest.xml:17:13-65
32-->src\main\AndroidManifest.xml:17:21-62
33
34            <data android:scheme="whatsapp" />
34-->src\main\AndroidManifest.xml:18:13-41
34-->src\main\AndroidManifest.xml:18:19-38
35        </intent>
36
37        <package android:name="com.whatsapp" />
37-->src\main\AndroidManifest.xml:27:9-48
37-->src\main\AndroidManifest.xml:27:18-45
38
39        <!-- Телефон -->
40        <intent>
40-->src\main\AndroidManifest.xml:30:9-33:18
41            <action android:name="android.intent.action.DIAL" />
41-->src\main\AndroidManifest.xml:31:13-65
41-->src\main\AndroidManifest.xml:31:21-62
42
43            <data android:scheme="tel" />
43-->src\main\AndroidManifest.xml:18:13-41
43-->src\main\AndroidManifest.xml:18:19-38
44        </intent>
45
46        <!-- Для почты -->
47        <intent>
47-->src\main\AndroidManifest.xml:36:9-39:18
48            <action android:name="android.intent.action.SENDTO" />
48-->src\main\AndroidManifest.xml:37:13-67
48-->src\main\AndroidManifest.xml:37:21-64
49
50            <data android:scheme="mailto" />
50-->src\main\AndroidManifest.xml:18:13-41
50-->src\main\AndroidManifest.xml:18:19-38
51        </intent>
52
53        <!-- Браузеры -->
54        <intent>
54-->src\main\AndroidManifest.xml:42:9-45:18
55            <action android:name="android.intent.action.VIEW" />
55-->src\main\AndroidManifest.xml:17:13-65
55-->src\main\AndroidManifest.xml:17:21-62
56
57            <data android:scheme="https" />
57-->src\main\AndroidManifest.xml:18:13-41
57-->src\main\AndroidManifest.xml:18:19-38
58        </intent>
59    </queries>
60
61    <permission
61-->[androidx.core:core:1.9.0] AndroidManifest.xml:22:5-24:47
62        android:name="com.example.kubiki.DYNAMIC_RECEIVER_NOT_EXPORTED_PERMISSION"
62-->[androidx.core:core:1.9.0] AndroidManifest.xml:23:9-81
63        android:protectionLevel="signature" />
63-->[androidx.core:core:1.9.0] AndroidManifest.xml:24:9-44
64
65    <uses-permission android:name="com.example.kubiki.DYNAMIC_RECEIVER_NOT_EXPORTED_PERMISSION" />
65-->[androidx.core:core:1.9.0] AndroidManifest.xml:26:5-97
65-->[androidx.core:core:1.9.0] AndroidManifest.xml:26:22-94
66
67    <application
67-->src\main\AndroidManifest.xml:48:5-74:19
68        android:allowBackup="true"
68-->src\main\AndroidManifest.xml:49:9-35
69        android:appComponentFactory="androidx.core.app.CoreComponentFactory"
69-->[androidx.core:core:1.9.0] AndroidManifest.xml:28:18-86
70        android:debuggable="true"
71        android:extractNativeLibs="false"
72        android:icon="@mipmap/icon"
72-->src\main\AndroidManifest.xml:50:9-36
73        android:label="Кубики"
73-->src\main\AndroidManifest.xml:51:9-31
74        android:roundIcon="@mipmap/icon_round"
74-->src\main\AndroidManifest.xml:52:9-47
75        android:supportsRtl="true"
75-->src\main\AndroidManifest.xml:53:9-35
76        android:theme="@style/Theme.Kubiki" >
76-->src\main\AndroidManifest.xml:54:9-44
77        <activity
77-->src\main\AndroidManifest.xml:57:9-73:20
78            android:name="com.example.kubiki.MainActivity"
78-->src\main\AndroidManifest.xml:58:13-41
79            android:configChanges="orientation|screenSize|keyboardHidden"
79-->src\main\AndroidManifest.xml:60:13-74
80            android:exported="true"
80-->src\main\AndroidManifest.xml:59:13-36
81            android:windowSoftInputMode="adjustResize" >
81-->src\main\AndroidManifest.xml:61:13-55
82            <intent-filter>
82-->src\main\AndroidManifest.xml:62:13-65:29
83                <action android:name="android.intent.action.MAIN" />
83-->src\main\AndroidManifest.xml:63:17-69
83-->src\main\AndroidManifest.xml:63:25-66
84
85                <category android:name="android.intent.category.LAUNCHER" />
85-->src\main\AndroidManifest.xml:64:17-77
85-->src\main\AndroidManifest.xml:64:27-74
86            </intent-filter>
87            <intent-filter>
87-->src\main\AndroidManifest.xml:67:13-72:29
88                <action android:name="android.intent.action.VIEW" />
88-->src\main\AndroidManifest.xml:17:13-65
88-->src\main\AndroidManifest.xml:17:21-62
89
90                <category android:name="android.intent.category.DEFAULT" />
90-->src\main\AndroidManifest.xml:69:17-76
90-->src\main\AndroidManifest.xml:69:27-73
91                <category android:name="android.intent.category.BROWSABLE" />
91-->src\main\AndroidManifest.xml:70:17-78
91-->src\main\AndroidManifest.xml:70:27-75
92
93                <data
93-->src\main\AndroidManifest.xml:18:13-41
94                    android:host="api.whatsapp.com"
94-->src\main\AndroidManifest.xml:71:46-77
95                    android:scheme="https" />
95-->src\main\AndroidManifest.xml:18:19-38
96            </intent-filter>
97        </activity>
98
99        <provider
99-->[androidx.emoji2:emoji2:1.2.0] AndroidManifest.xml:24:9-32:20
100            android:name="androidx.startup.InitializationProvider"
100-->[androidx.emoji2:emoji2:1.2.0] AndroidManifest.xml:25:13-67
101            android:authorities="com.example.kubiki.androidx-startup"
101-->[androidx.emoji2:emoji2:1.2.0] AndroidManifest.xml:26:13-68
102            android:exported="false" >
102-->[androidx.emoji2:emoji2:1.2.0] AndroidManifest.xml:27:13-37
103            <meta-data
103-->[androidx.emoji2:emoji2:1.2.0] AndroidManifest.xml:29:13-31:52
104                android:name="androidx.emoji2.text.EmojiCompatInitializer"
104-->[androidx.emoji2:emoji2:1.2.0] AndroidManifest.xml:30:17-75
105                android:value="androidx.startup" />
105-->[androidx.emoji2:emoji2:1.2.0] AndroidManifest.xml:31:17-49
106            <meta-data
106-->[androidx.lifecycle:lifecycle-process:2.4.1] AndroidManifest.xml:31:13-33:52
107                android:name="androidx.lifecycle.ProcessLifecycleInitializer"
107-->[androidx.lifecycle:lifecycle-process:2.4.1] AndroidManifest.xml:32:17-78
108                android:value="androidx.startup" />
108-->[androidx.lifecycle:lifecycle-process:2.4.1] AndroidManifest.xml:33:17-49
109        </provider>
110    </application>
111
112</manifest>